[main ec22596] Auto commit on Fri Aug 22 00:42:42 IST 2025
 2 files changed, 17 insertions(+), 4 deletions(-)
 create mode 100644 nohup.out
To https://github.com/Nikhil-Mundhra/Naturo.git
   eed2c69..ec22596  main -> main
✅ Auto commit done at Fri Aug 22 00:42:43 IST 2025
[main 7c0b709] Auto commit on Fri Aug 22 09:35:50 IST 2025
 2 files changed, 10 insertions(+), 1 deletion(-)
To https://github.com/Nikhil-Mundhra/Naturo.git
   ec22596..7c0b709  main -> main
✅ Auto commit done at Fri Aug 22 09:35:52 IST 2025
[main 72785ae] Auto commit on Fri Aug 22 11:12:03 IST 2025
 2 files changed, 5 insertions(+)
To https://github.com/Nikhil-Mundhra/Naturo.git
   7c0b709..72785ae  main -> main
✅ Auto commit done at Fri Aug 22 11:12:06 IST 2025
[main 2afbe39] Auto commit on Fri Aug 22 14:25:16 IST 2025
 1 file changed, 5 insertions(+)
To https://github.com/Nikhil-Mundhra/Naturo.git
   72785ae..2afbe39  main -> main
✅ Auto commit done at Fri Aug 22 14:25:18 IST 2025
[main 7661595] Auto commit on Fri Aug 22 16:04:29 IST 2025
 1 file changed, 5 insertions(+)
To https://github.com/Nikhil-Mundhra/Naturo.git
   2afbe39..7661595  main -> main
✅ Auto commit done at Fri Aug 22 16:04:31 IST 2025
[main b0d84ac] Auto commit on Fri Aug 22 17:04:31 IST 2025
 1 file changed, 5 insertions(+)
To https://github.com/Nikhil-Mundhra/Naturo.git
   7661595..b0d84ac  main -> main
✅ Auto commit done at Fri Aug 22 17:04:33 IST 2025
[main e2b4da7] Auto commit on Fri Aug 22 19:08:20 IST 2025
 1 file changed, 5 insertions(+)
fatal: unable to access 'https://github.com/Nikhil-Mundhra/Naturo.git/': Could not resolve host: github.com
✅ Auto commit done at Fri Aug 22 19:08:20 IST 2025
[main 2fb7bcd] Auto commit on Fri Aug 22 23:07:12 IST 2025
 3 files changed, 4 insertions(+)
To https://github.com/Nikhil-Mundhra/Naturo.git
   b0d84ac..2fb7bcd  main -> main
✅ Auto commit done at Fri Aug 22 23:07:14 IST 2025
[main a5930fe] Auto commit on Sat Aug 23 00:07:14 IST 2025
 1 file changed, 5 insertions(+)
To https://github.com/Nikhil-Mundhra/Naturo.git
   2fb7bcd..a5930fe  main -> main
✅ Auto commit done at Sat Aug 23 00:07:15 IST 2025
[main dab2d83] Auto commit on Sat Aug 23 01:37:23 IST 2025
 1 file changed, 5 insertions(+)
To https://github.com/Nikhil-Mundhra/Naturo.git
   a5930fe..dab2d83  main -> main
✅ Auto commit done at Sat Aug 23 01:37:24 IST 2025
[main 7600963] Auto commit on Sat Aug 23 11:03:15 IST 2025
 1 file changed, 5 insertions(+)
To https://github.com/Nikhil-Mundhra/Naturo.git
   dab2d83..7600963  main -> main
✅ Auto commit done at Sat Aug 23 11:03:17 IST 2025
